C:\USERS\FALI\DEVELOPEMENT\LAB3\LAB3\DEBUG\CONTROLS.OBJ
C:\USERS\FALI\DEVELOPEMENT\LAB3\LAB3\DEBUG\MAIN.OBJ
C:\USERS\FALI\DEVELOPEMENT\LAB3\LAB3\DEBUG\MESHLOADER.OBJ
C:\USERS\FALI\DEVELOPEMENT\LAB3\LAB3\DEBUG\SHADER.OBJ
C:\USERS\FALI\DEVELOPEMENT\LAB3\LAB3\DEBUG\TEXTUREMESH.OBJ
C:\USERS\FALI\DEVELOPEMENT\LAB3\LAB3\DEBUG\VC110.PDB
C:\Users\fali\developement\Lab3\Lab3\Debug\controls.obj
C:\Users\fali\developement\Lab3\Lab3\Debug\main.obj
C:\Users\fali\developement\Lab3\Lab3\Debug\MeshLoader.obj
C:\Users\fali\developement\Lab3\Lab3\Debug\shader.obj
C:\Users\fali\developement\Lab3\Lab3\Debug\TextureMesh.obj
C:\Users\fali\developement\Lab3\Lab3\Debug\cl.command.1.tlog
C:\Users\fali\developement\Lab3\Lab3\Debug\CL.read.1.tlog
C:\Users\fali\developement\Lab3\Lab3\Debug\CL.write.1.tlog
C:\Users\fali\developement\Lab3\Lab3\Debug\link-cvtres.read.1.tlog
C:\Users\fali\developement\Lab3\Lab3\Debug\link-cvtres.write.1.tlog
C:\Users\fali\developement\Lab3\Lab3\Debug\link-rc.read.1.tlog
C:\Users\fali\developement\Lab3\Lab3\Debug\link-rc.write.1.tlog
C:\Users\fali\developement\Lab3\Lab3\Debug\link.11184-cvtres.read.1.tlog
C:\Users\fali\developement\Lab3\Lab3\Debug\link.11184-cvtres.write.1.tlog
C:\Users\fali\developement\Lab3\Lab3\Debug\link.11184-rc.read.1.tlog
C:\Users\fali\developement\Lab3\Lab3\Debug\link.11184-rc.write.1.tlog
C:\Users\fali\developement\Lab3\Lab3\Debug\link.11184.read.1.tlog
C:\Users\fali\developement\Lab3\Lab3\Debug\link.11184.write.1.tlog
C:\Users\fali\developement\Lab3\Lab3\Debug\link.11992-cvtres.read.1.tlog
C:\Users\fali\developement\Lab3\Lab3\Debug\link.11992-cvtres.write.1.tlog
C:\Users\fali\developement\Lab3\Lab3\Debug\link.11992-rc.read.1.tlog
C:\Users\fali\developement\Lab3\Lab3\Debug\link.11992-rc.write.1.tlog
C:\Users\fali\developement\Lab3\Lab3\Debug\link.11992.read.1.tlog
C:\Users\fali\developement\Lab3\Lab3\Debug\link.11992.write.1.tlog
C:\Users\fali\developement\Lab3\Lab3\Debug\link.12104-cvtres.read.1.tlog
C:\Users\fali\developement\Lab3\Lab3\Debug\link.12104-cvtres.write.1.tlog
C:\Users\fali\developement\Lab3\Lab3\Debug\link.12104-rc.read.1.tlog
C:\Users\fali\developement\Lab3\Lab3\Debug\link.12104-rc.write.1.tlog
C:\Users\fali\developement\Lab3\Lab3\Debug\link.12104.read.1.tlog
C:\Users\fali\developement\Lab3\Lab3\Debug\link.12104.write.1.tlog
C:\Users\fali\developement\Lab3\Lab3\Debug\link.13004-cvtres.read.1.tlog
C:\Users\fali\developement\Lab3\Lab3\Debug\link.13004-cvtres.write.1.tlog
C:\Users\fali\developement\Lab3\Lab3\Debug\link.13004-rc.read.1.tlog
C:\Users\fali\developement\Lab3\Lab3\Debug\link.13004-rc.write.1.tlog
C:\Users\fali\developement\Lab3\Lab3\Debug\link.13004.read.1.tlog
C:\Users\fali\developement\Lab3\Lab3\Debug\link.13004.write.1.tlog
C:\Users\fali\developement\Lab3\Lab3\Debug\link.14240-cvtres.read.1.tlog
C:\Users\fali\developement\Lab3\Lab3\Debug\link.14240-cvtres.write.1.tlog
C:\Users\fali\developement\Lab3\Lab3\Debug\link.14240-rc.read.1.tlog
C:\Users\fali\developement\Lab3\Lab3\Debug\link.14240-rc.write.1.tlog
C:\Users\fali\developement\Lab3\Lab3\Debug\link.14240.read.1.tlog
C:\Users\fali\developement\Lab3\Lab3\Debug\link.14240.write.1.tlog
C:\Users\fali\developement\Lab3\Lab3\Debug\link.15084-cvtres.read.1.tlog
C:\Users\fali\developement\Lab3\Lab3\Debug\link.15084-cvtres.write.1.tlog
C:\Users\fali\developement\Lab3\Lab3\Debug\link.15084-rc.read.1.tlog
C:\Users\fali\developement\Lab3\Lab3\Debug\link.15084-rc.write.1.tlog
C:\Users\fali\developement\Lab3\Lab3\Debug\link.15084.read.1.tlog
C:\Users\fali\developement\Lab3\Lab3\Debug\link.15084.write.1.tlog
C:\Users\fali\developement\Lab3\Lab3\Debug\link.6248-cvtres.read.1.tlog
C:\Users\fali\developement\Lab3\Lab3\Debug\link.6248-cvtres.write.1.tlog
C:\Users\fali\developement\Lab3\Lab3\Debug\link.6248-rc.read.1.tlog
C:\Users\fali\developement\Lab3\Lab3\Debug\link.6248-rc.write.1.tlog
C:\Users\fali\developement\Lab3\Lab3\Debug\link.6248.read.1.tlog
C:\Users\fali\developement\Lab3\Lab3\Debug\link.6248.write.1.tlog
C:\Users\fali\developement\Lab3\Lab3\Debug\link.8044-cvtres.read.1.tlog
C:\Users\fali\developement\Lab3\Lab3\Debug\link.8044-cvtres.write.1.tlog
C:\Users\fali\developement\Lab3\Lab3\Debug\link.8044-rc.read.1.tlog
C:\Users\fali\developement\Lab3\Lab3\Debug\link.8044-rc.write.1.tlog
C:\Users\fali\developement\Lab3\Lab3\Debug\link.8044.read.1.tlog
C:\Users\fali\developement\Lab3\Lab3\Debug\link.8044.write.1.tlog
C:\Users\fali\developement\Lab3\Lab3\Debug\link.8988-cvtres.read.1.tlog
C:\Users\fali\developement\Lab3\Lab3\Debug\link.8988-cvtres.write.1.tlog
C:\Users\fali\developement\Lab3\Lab3\Debug\link.8988-rc.read.1.tlog
C:\Users\fali\developement\Lab3\Lab3\Debug\link.8988-rc.write.1.tlog
C:\Users\fali\developement\Lab3\Lab3\Debug\link.8988.read.1.tlog
C:\Users\fali\developement\Lab3\Lab3\Debug\link.8988.write.1.tlog
C:\Users\fali\developement\Lab3\Lab3\Debug\link.9568-cvtres.read.1.tlog
C:\Users\fali\developement\Lab3\Lab3\Debug\link.9568-cvtres.write.1.tlog
C:\Users\fali\developement\Lab3\Lab3\Debug\link.9568-rc.read.1.tlog
C:\Users\fali\developement\Lab3\Lab3\Debug\link.9568-rc.write.1.tlog
C:\Users\fali\developement\Lab3\Lab3\Debug\link.9568.read.1.tlog
C:\Users\fali\developement\Lab3\Lab3\Debug\link.9568.write.1.tlog
C:\Users\fali\developement\Lab3\Lab3\Debug\link.9580-cvtres.read.1.tlog
C:\Users\fali\developement\Lab3\Lab3\Debug\link.9580-cvtres.write.1.tlog
C:\Users\fali\developement\Lab3\Lab3\Debug\link.9580-rc.read.1.tlog
C:\Users\fali\developement\Lab3\Lab3\Debug\link.9580-rc.write.1.tlog
C:\Users\fali\developement\Lab3\Lab3\Debug\link.9580.read.1.tlog
C:\Users\fali\developement\Lab3\Lab3\Debug\link.9580.write.1.tlog
C:\Users\fali\developement\Lab3\Lab3\Debug\link.command.1.tlog
C:\Users\fali\developement\Lab3\Lab3\Debug\link.read.1.tlog
C:\Users\fali\developement\Lab3\Lab3\Debug\link.write.1.tlog
C:\Users\fali\developement\Lab3\Lab3\Debug\vc110.idb
C:\Users\fali\developement\Lab3\Lab3\Debug\vc110.pdb
C:\Users\fali\developement\Lab3\Debug\Lab3.pdb
